TN:
SF:src/app.js
FNF:0
FNH:0
DA:1,2
DA:2,2
DA:3,2
DA:4,2
DA:5,2
DA:6,2
DA:7,2
DA:8,2
DA:9,2
DA:12,2
DA:14,2
DA:17,2
DA:18,2
DA:19,2
DA:22,2
DA:25,2
DA:28,2
DA:30,2
LF:18
LH:18
BRF:0
BRH:0
end_of_record
TN:
SF:src/digipin.js
FN:25,getDigiPin
FN:63,getLatLngFromDigiPin
FNF:2
FNH:2
FNDA:29,getDigiPin
FNDA:21,getLatLngFromDigiPin
DA:11,3
DA:18,3
DA:26,29
DA:27,25
DA:29,21
DA:30,21
DA:31,21
DA:32,21
DA:34,21
DA:36,21
DA:37,210
DA:38,210
DA:41,210
DA:42,210
DA:44,210
DA:45,210
DA:47,210
DA:49,210
DA:52,210
DA:53,210
DA:55,210
DA:56,210
DA:59,21
DA:64,21
DA:65,21
DA:67,18
DA:68,18
DA:69,18
DA:70,18
DA:72,18
DA:73,180
DA:74,180
DA:75,180
DA:78,180
DA:79,412
DA:80,1371
DA:81,177
DA:82,177
DA:83,177
DA:84,177
DA:87,412
DA:90,180
DA:92,177
DA:93,177
DA:95,177
DA:96,177
DA:97,177
DA:98,177
DA:101,177
DA:102,177
DA:103,177
DA:104,177
DA:107,15
DA:108,15
DA:110,15
DA:117,3
LF:56
LH:56
BRDA:26,0,0,4
BRDA:26,0,1,25
BRDA:26,1,0,29
BRDA:26,1,1,26
BRDA:27,2,0,4
BRDA:27,2,1,21
BRDA:27,3,0,25
BRDA:27,3,1,22
BRDA:49,4,0,42
BRDA:49,4,1,168
BRDA:49,5,0,210
BRDA:49,5,1,189
BRDA:65,6,0,3
BRDA:65,6,1,18
BRDA:80,7,0,177
BRDA:80,7,1,1194
BRDA:87,8,0,177
BRDA:87,8,1,235
BRDA:90,9,0,3
BRDA:90,9,1,177
BRDA:117,10,0,3
BRDA:117,10,1,0
BRF:22
BRH:21
end_of_record
TN:
SF:src/routes/digipin.routes.js
FN:5,(anonymous_0)
FN:7,(anonymous_1)
FN:9,(anonymous_2)
FN:19,(anonymous_3)
FNF:4
FNH:4
FNDA:3,(anonymous_0)
FNDA:4,(anonymous_1)
FNDA:5,(anonymous_2)
FNDA:5,(anonymous_3)
DA:1,2
DA:2,2
DA:3,2
DA:5,3
DA:7,4
DA:9,2
DA:10,5
DA:11,5
DA:12,5
DA:13,3
DA:15,2
DA:19,2
DA:20,5
DA:21,5
DA:22,5
DA:23,3
DA:25,2
DA:30,2
LF:18
LH:18
BRF:0
BRH:0
end_of_record
TN:
SF:src/routes/health.routes.js
FN:9,(anonymous_0)
FN:21,(anonymous_1)
FN:68,(anonymous_2)
FN:122,(anonymous_3)
FN:134,formatUptime
FNF:5
FNH:5
FNDA:1,(anonymous_0)
FNDA:1,(anonymous_1)
FNDA:1,(anonymous_2)
FNDA:1,(anonymous_3)
FNDA:1,formatUptime
DA:1,2
DA:2,2
DA:3,2
DA:9,2
DA:10,1
DA:21,2
DA:22,1
DA:23,1
DA:24,1
DA:26,1
DA:68,2
DA:70,1
DA:71,1
DA:73,1
DA:74,0
DA:83,1
DA:84,1
DA:85,1
DA:86,1
DA:88,1
DA:89,0
DA:97,1
DA:107,0
DA:122,2
DA:123,1
DA:135,1
DA:136,1
DA:137,1
DA:138,1
DA:140,1
DA:141,1
DA:142,1
DA:143,1
DA:144,1
DA:146,1
DA:149,2
LF:36
LH:33
BRDA:30,0,0,1
BRDA:30,0,1,0
BRDA:59,1,0,1
BRDA:59,1,1,0
BRDA:73,2,0,0
BRDA:73,2,1,1
BRDA:73,3,0,1
BRDA:73,3,1,1
BRDA:88,4,0,0
BRDA:88,4,1,1
BRDA:88,5,0,1
BRDA:88,5,1,1
BRDA:141,6,0,0
BRDA:141,6,1,1
BRDA:142,7,0,0
BRDA:142,7,1,1
BRDA:143,8,0,0
BRDA:143,8,1,1
BRF:18
BRH:11
end_of_record
